<?xml version="1.0" encoding="UTF-8"?>
<coverage generated="1749491536475" clover="3.2.0">
  <project timestamp="1749491536475" name="All files">
    <metrics statements="106" coveredstatements="90" conditionals="83" coveredconditionals="53" methods="17" coveredmethods="16" elements="206" coveredelements="159" complexity="0" loc="106" ncloc="106" packages="2" files="4" classes="4"/>
    <package name="logic">
      <metrics statements="99" coveredstatements="86" conditionals="79" coveredconditionals="50" methods="15" coveredmethods="15"/>
      <file name="battleSimulator.js" path="/app/game/src/logic/battleSimulator.js">
        <metrics statements="84" coveredstatements="71" conditionals="66" coveredconditionals="44" methods="12" coveredmethods="12"/>
        <line num="4" count="1" type="stmt"/>
        <line num="17" count="1" type="stmt"/>
        <line num="18" count="2" type="cond" truecount="1" falsecount="1"/>
        <line num="19" count="0" type="stmt"/>
        <line num="21" count="2" type="stmt"/>
        <line num="24" count="1" type="stmt"/>
        <line num="25" count="6480" type="stmt"/>
        <line num="42" count="2" type="cond" truecount="1" falsecount="2"/>
        <line num="43" count="2" type="cond" truecount="2" falsecount="1"/>
        <line num="45" count="1" type="stmt"/>
        <line num="48" count="1" type="stmt"/>
        <line num="49" count="1" type="stmt"/>
        <line num="50" count="813" type="stmt"/>
        <line num="61" count="1" type="stmt"/>
        <line num="62" count="800" type="cond" truecount="1" falsecount="1"/>
        <line num="63" count="800" type="cond" truecount="2" falsecount="0"/>
        <line num="66" count="1" type="stmt"/>
        <line num="67" count="800" type="cond" truecount="2" falsecount="0"/>
        <line num="68" count="794" type="stmt"/>
        <line num="70" count="800" type="cond" truecount="2" falsecount="0"/>
        <line num="71" count="6" type="stmt"/>
        <line num="72" count="6" type="stmt"/>
        <line num="76" count="1" type="stmt"/>
        <line num="77" count="1" type="stmt"/>
        <line num="78" count="1" type="stmt"/>
        <line num="79" count="1" type="stmt"/>
        <line num="81" count="1" type="cond" truecount="2" falsecount="0"/>
        <line num="82" count="201" type="stmt"/>
        <line num="83" count="201" type="cond" truecount="2" falsecount="0"/>
        <line num="84" count="1" type="stmt"/>
        <line num="85" count="1" type="stmt"/>
        <line num="86" count="1" type="stmt"/>
        <line num="89" count="200" type="stmt"/>
        <line num="90" count="800" type="cond" truecount="1" falsecount="1"/>
        <line num="92" count="800" type="stmt"/>
        <line num="93" count="800" type="stmt"/>
        <line num="94" count="800" type="stmt"/>
        <line num="95" count="800" type="stmt"/>
        <line num="98" count="800" type="stmt"/>
        <line num="99" count="6" type="stmt"/>
        <line num="100" count="6" type="cond" truecount="4" falsecount="1"/>
        <line num="103" count="800" type="cond" truecount="2" falsecount="0"/>
        <line num="104" count="794" type="stmt"/>
        <line num="107" count="6" type="stmt"/>
        <line num="108" count="6" type="stmt"/>
        <line num="110" count="6" type="cond" truecount="1" falsecount="1"/>
        <line num="111" count="0" type="stmt"/>
        <line num="112" count="0" type="stmt"/>
        <line num="115" count="6" type="cond" truecount="2" falsecount="1"/>
        <line num="116" count="6" type="stmt"/>
        <line num="117" count="6" type="stmt"/>
        <line num="120" count="6" type="stmt"/>
        <line num="121" count="6" type="cond" truecount="1" falsecount="1"/>
        <line num="122" count="6" type="stmt"/>
        <line num="125" count="6" type="cond" truecount="2" falsecount="0"/>
        <line num="126" count="6" type="stmt"/>
        <line num="127" count="6" type="cond" truecount="1" falsecount="1"/>
        <line num="130" count="6" type="stmt"/>
        <line num="131" count="6" type="cond" truecount="1" falsecount="1"/>
        <line num="132" count="0" type="stmt"/>
        <line num="134" count="6" type="cond" truecount="1" falsecount="1"/>
        <line num="135" count="6" type="stmt"/>
        <line num="137" count="6" type="stmt"/>
        <line num="138" count="6" type="stmt"/>
        <line num="148" count="6" type="cond" truecount="1" falsecount="1"/>
        <line num="149" count="6" type="stmt"/>
        <line num="150" count="6" type="stmt"/>
        <line num="151" count="6" type="stmt"/>
        <line num="152" count="6" type="cond" truecount="1" falsecount="1"/>
        <line num="153" count="0" type="stmt"/>
        <line num="154" count="0" type="stmt"/>
        <line num="155" count="0" type="stmt"/>
        <line num="159" count="6" type="stmt"/>
        <line num="160" count="6" type="stmt"/>
        <line num="161" count="6" type="cond" truecount="2" falsecount="2"/>
        <line num="162" count="0" type="stmt"/>
        <line num="163" count="0" type="stmt"/>
        <line num="165" count="6" type="cond" truecount="1" falsecount="1"/>
        <line num="166" count="0" type="stmt"/>
        <line num="167" count="0" type="stmt"/>
        <line num="169" count="6" type="cond" truecount="1" falsecount="1"/>
        <line num="170" count="0" type="stmt"/>
        <line num="171" count="0" type="stmt"/>
        <line num="175" count="1" type="stmt"/>
      </file>
      <file name="battleUtils.js" path="/app/game/src/logic/battleUtils.js">
        <metrics statements="13" coveredstatements="13" conditionals="13" coveredconditionals="6" methods="3" coveredmethods="3"/>
        <line num="2" count="12" type="stmt"/>
        <line num="3" count="6" type="cond" truecount="1" falsecount="1"/>
        <line num="4" count="6" type="stmt"/>
        <line num="8" count="6" type="stmt"/>
        <line num="9" count="6" type="cond" truecount="1" falsecount="1"/>
        <line num="10" count="6" type="cond" truecount="1" falsecount="1"/>
        <line num="11" count="6" type="stmt"/>
        <line num="12" count="6" type="stmt"/>
        <line num="13" count="6" type="stmt"/>
        <line num="14" count="6" type="cond" truecount="1" falsecount="2"/>
        <line num="15" count="6" type="cond" truecount="1" falsecount="1"/>
        <line num="16" count="6" type="cond" truecount="1" falsecount="1"/>
        <line num="18" count="6" type="stmt"/>
      </file>
      <file name="sampleBattleData.js" path="/app/game/src/logic/sampleBattleData.js">
        <metrics statements="2" coveredstatements="2" conditionals="0" coveredconditionals="0" methods="0" coveredmethods="0"/>
        <line num="1" count="1" type="stmt"/>
        <line num="18" count="1" type="stmt"/>
      </file>
    </package>
    <package name="utils">
      <metrics statements="7" coveredstatements="4" conditionals="4" coveredconditionals="3" methods="2" coveredmethods="1"/>
      <file name="shuffleArray.js" path="/app/game/src/utils/shuffleArray.js">
        <metrics statements="7" coveredstatements="4" conditionals="4" coveredconditionals="3" methods="2" coveredmethods="1"/>
        <line num="2" count="794" type="stmt"/>
        <line num="3" count="794" type="stmt"/>
        <line num="4" count="0" type="stmt"/>
        <line num="5" count="0" type="stmt"/>
        <line num="7" count="794" type="cond" truecount="3" falsecount="1"/>
        <line num="8" count="0" type="stmt"/>
        <line num="10" count="794" type="stmt"/>
      </file>
    </package>
  </project>
</coverage>
