<?xml version="1.0" encoding="UTF-8"?>
<coverage generated="1749493739836" clover="3.2.0">
  <project timestamp="1749493739836" name="All files">
    <metrics statements="126" coveredstatements="119" conditionals="106" coveredconditionals="71" methods="23" coveredmethods="23" elements="255" coveredelements="213" complexity="0" loc="126" ncloc="126" packages="3" files="6" classes="6"/>
    <package name="actors">
      <metrics statements="12" coveredstatements="12" conditionals="12" coveredconditionals="7" methods="3" coveredmethods="3"/>
      <file name="Combatant.js" path="/workspace/auto-battler/game/src/actors/Combatant.js">
        <metrics statements="12" coveredstatements="12" conditionals="12" coveredconditionals="7" methods="3" coveredmethods="3"/>
        <line num="3" count="4" type="stmt"/>
        <line num="4" count="4" type="stmt"/>
        <line num="5" count="4" type="stmt"/>
        <line num="6" count="4" type="stmt"/>
        <line num="7" count="4" type="stmt"/>
        <line num="8" count="4" type="cond" truecount="3" falsecount="0"/>
        <line num="12" count="2" type="cond" truecount="1" falsecount="3"/>
        <line num="13" count="2" type="stmt"/>
        <line num="17" count="1" type="cond" truecount="1" falsecount="1"/>
        <line num="18" count="1" type="stmt"/>
        <line num="19" count="1" type="stmt"/>
        <line num="20" count="1" type="stmt"/>
      </file>
    </package>
    <package name="logic">
      <metrics statements="107" coveredstatements="101" conditionals="90" coveredconditionals="61" methods="18" coveredmethods="18"/>
      <file name="BattleManager.js" path="/workspace/auto-battler/game/src/logic/BattleManager.js">
        <metrics statements="3" coveredstatements="3" conditionals="6" coveredconditionals="5" methods="3" coveredmethods="3"/>
        <line num="2" count="1" type="cond" truecount="2" falsecount="0"/>
        <line num="3" count="1" type="cond" truecount="2" falsecount="0"/>
        <line num="4" count="1" type="cond" truecount="1" falsecount="1"/>
      </file>
      <file name="battleSimulator.js" path="/workspace/auto-battler/game/src/logic/battleSimulator.js">
        <metrics statements="89" coveredstatements="83" conditionals="71" coveredconditionals="50" methods="12" coveredmethods="12"/>
        <line num="4" count="2" type="stmt"/>
        <line num="17" count="2" type="stmt"/>
        <line num="18" count="4" type="cond" truecount="1" falsecount="1"/>
        <line num="19" count="0" type="stmt"/>
        <line num="21" count="4" type="stmt"/>
        <line num="24" count="2" type="stmt"/>
        <line num="25" count="6496" type="stmt"/>
        <line num="42" count="2" type="stmt"/>
        <line num="43" count="6" type="cond" truecount="2" falsecount="1"/>
        <line num="44" count="6" type="cond" truecount="2" falsecount="2"/>
        <line num="45" count="6" type="cond" truecount="3" falsecount="1"/>
        <line num="46" count="8" type="cond" truecount="2" falsecount="0"/>
        <line num="47" count="6" type="cond" truecount="1" falsecount="1"/>
        <line num="49" count="2" type="stmt"/>
        <line num="51" count="6" type="stmt"/>
        <line num="54" count="2" type="stmt"/>
        <line num="55" count="2" type="stmt"/>
        <line num="57" count="2" type="stmt"/>
        <line num="60" count="2" type="stmt"/>
        <line num="61" count="2" type="stmt"/>
        <line num="62" count="818" type="stmt"/>
        <line num="73" count="2" type="stmt"/>
        <line num="74" count="801" type="cond" truecount="1" falsecount="1"/>
        <line num="75" count="801" type="cond" truecount="2" falsecount="0"/>
        <line num="78" count="2" type="stmt"/>
        <line num="79" count="801" type="cond" truecount="2" falsecount="0"/>
        <line num="80" count="794" type="stmt"/>
        <line num="82" count="801" type="cond" truecount="2" falsecount="0"/>
        <line num="83" count="7" type="stmt"/>
        <line num="84" count="7" type="stmt"/>
        <line num="88" count="2" type="stmt"/>
        <line num="89" count="2" type="stmt"/>
        <line num="90" count="2" type="stmt"/>
        <line num="91" count="2" type="stmt"/>
        <line num="93" count="2" type="cond" truecount="2" falsecount="0"/>
        <line num="94" count="202" type="stmt"/>
        <line num="95" count="202" type="cond" truecount="2" falsecount="0"/>
        <line num="96" count="1" type="stmt"/>
        <line num="97" count="1" type="stmt"/>
        <line num="98" count="1" type="stmt"/>
        <line num="101" count="201" type="stmt"/>
        <line num="102" count="801" type="cond" truecount="1" falsecount="1"/>
        <line num="104" count="801" type="stmt"/>
        <line num="105" count="801" type="stmt"/>
        <line num="106" count="801" type="stmt"/>
        <line num="107" count="801" type="stmt"/>
        <line num="109" count="801" type="stmt"/>
        <line num="110" count="7" type="stmt"/>
        <line num="111" count="7" type="cond" truecount="2" falsecount="1"/>
        <line num="112" count="7" type="stmt"/>
        <line num="115" count="801" type="cond" truecount="2" falsecount="0"/>
        <line num="116" count="794" type="stmt"/>
        <line num="119" count="7" type="stmt"/>
        <line num="120" count="7" type="cond" truecount="2" falsecount="1"/>
        <line num="121" count="7" type="stmt"/>
        <line num="122" count="7" type="stmt"/>
        <line num="124" count="7" type="stmt"/>
        <line num="125" count="7" type="cond" truecount="1" falsecount="1"/>
        <line num="126" count="7" type="stmt"/>
        <line num="129" count="7" type="cond" truecount="2" falsecount="0"/>
        <line num="130" count="7" type="stmt"/>
        <line num="131" count="7" type="cond" truecount="1" falsecount="1"/>
        <line num="133" count="7" type="stmt"/>
        <line num="134" count="7" type="cond" truecount="1" falsecount="1"/>
        <line num="135" count="0" type="stmt"/>
        <line num="137" count="7" type="cond" truecount="1" falsecount="1"/>
        <line num="138" count="7" type="stmt"/>
        <line num="140" count="7" type="stmt"/>
        <line num="141" count="7" type="stmt"/>
        <line num="151" count="7" type="cond" truecount="1" falsecount="1"/>
        <line num="152" count="7" type="stmt"/>
        <line num="153" count="7" type="stmt"/>
        <line num="154" count="7" type="stmt"/>
        <line num="155" count="7" type="cond" truecount="2" falsecount="0"/>
        <line num="156" count="1" type="stmt"/>
        <line num="157" count="1" type="stmt"/>
        <line num="158" count="1" type="stmt"/>
        <line num="162" count="7" type="stmt"/>
        <line num="163" count="7" type="stmt"/>
        <line num="164" count="7" type="cond" truecount="2" falsecount="2"/>
        <line num="165" count="0" type="stmt"/>
        <line num="166" count="0" type="stmt"/>
        <line num="168" count="7" type="cond" truecount="2" falsecount="0"/>
        <line num="169" count="1" type="stmt"/>
        <line num="170" count="1" type="stmt"/>
        <line num="172" count="6" type="cond" truecount="1" falsecount="1"/>
        <line num="173" count="0" type="stmt"/>
        <line num="174" count="0" type="stmt"/>
        <line num="178" count="1" type="stmt"/>
      </file>
      <file name="battleUtils.js" path="/workspace/auto-battler/game/src/logic/battleUtils.js">
        <metrics statements="13" coveredstatements="13" conditionals="13" coveredconditionals="6" methods="3" coveredmethods="3"/>
        <line num="2" count="13" type="stmt"/>
        <line num="3" count="7" type="cond" truecount="1" falsecount="1"/>
        <line num="4" count="7" type="stmt"/>
        <line num="8" count="7" type="stmt"/>
        <line num="9" count="7" type="cond" truecount="1" falsecount="1"/>
        <line num="10" count="7" type="cond" truecount="1" falsecount="1"/>
        <line num="11" count="7" type="stmt"/>
        <line num="12" count="7" type="stmt"/>
        <line num="13" count="7" type="stmt"/>
        <line num="14" count="7" type="cond" truecount="1" falsecount="2"/>
        <line num="15" count="7" type="cond" truecount="1" falsecount="1"/>
        <line num="16" count="7" type="cond" truecount="1" falsecount="1"/>
        <line num="18" count="7" type="stmt"/>
      </file>
      <file name="sampleBattleData.js" path="/workspace/auto-battler/game/src/logic/sampleBattleData.js">
        <metrics statements="2" coveredstatements="2" conditionals="0" coveredconditionals="0" methods="0" coveredmethods="0"/>
        <line num="1" count="1" type="stmt"/>
        <line num="18" count="1" type="stmt"/>
      </file>
    </package>
    <package name="utils">
      <metrics statements="7" coveredstatements="6" conditionals="4" coveredconditionals="3" methods="2" coveredmethods="2"/>
      <file name="shuffleArray.js" path="/workspace/auto-battler/game/src/utils/shuffleArray.js">
        <metrics statements="7" coveredstatements="6" conditionals="4" coveredconditionals="3" methods="2" coveredmethods="2"/>
        <line num="2" count="796" type="stmt"/>
        <line num="3" count="796" type="stmt"/>
        <line num="4" count="8" type="stmt"/>
        <line num="5" count="8" type="stmt"/>
        <line num="7" count="796" type="cond" truecount="3" falsecount="1"/>
        <line num="8" count="0" type="stmt"/>
        <line num="10" count="796" type="stmt"/>
      </file>
    </package>
  </project>
</coverage>
