{"/workspace/auto-battler/game/src/actors/Combatant.js": {"path":"/workspace/auto-battler/game/src/actors/Combatant.js","statementMap":{"0":{"start":{"line":3,"column":4},"end":{"line":3,"column":17}},"1":{"start":{"line":4,"column":4},"end":{"line":4,"column":21}},"2":{"start":{"line":5,"column":4},"end":{"line":5,"column":23}},"3":{"start":{"line":6,"column":4},"end":{"line":6,"column":29}},"4":{"start":{"line":7,"column":4},"end":{"line":7,"column":19}},"5":{"start":{"line":8,"column":4},"end":{"line":8,"column":57}},"6":{"start":{"line":12,"column":16},"end":{"line":12,"column":86}},"7":{"start":{"line":13,"column":4},"end":{"line":13,"column":68}},"8":{"start":{"line":17,"column":4},"end":{"line":17,"column":44}},"9":{"start":{"line":17,"column":32},"end":{"line":17,"column":44}},"10":{"start":{"line":18,"column":17},"end":{"line":18,"column":34}},"11":{"start":{"line":19,"column":4},"end":{"line":19,"column":25}},"12":{"start":{"line":20,"column":4},"end":{"line":20,"column":16}}},"fnMap":{"0":{"name":"(anonymous_0)","decl":{"start":{"line":2,"column":2},"end":{"line":2,"column":3}},"loc":{"start":{"line":2,"column":51},"end":{"line":9,"column":3}},"line":2},"1":{"name":"(anonymous_1)","decl":{"start":{"line":11,"column":2},"end":{"line":11,"column":3}},"loc":{"start":{"line":11,"column":25},"end":{"line":14,"column":3}},"line":11},"2":{"name":"(anonymous_2)","decl":{"start":{"line":16,"column":2},"end":{"line":16,"column":3}},"loc":{"start":{"line":16,"column":13},"end":{"line":21,"column":3}},"line":16}},"branchMap":{"0":{"loc":{"start":{"line":2,"column":26},"end":{"line":2,"column":36}},"type":"default-arg","locations":[{"start":{"line":2,"column":34},"end":{"line":2,"column":36}}],"line":2},"1":{"loc":{"start":{"line":2,"column":38},"end":{"line":2,"column":47}},"type":"default-arg","locations":[{"start":{"line":2,"column":45},"end":{"line":2,"column":47}}],"line":2},"2":{"loc":{"start":{"line":8,"column":25},"end":{"line":8,"column":56}},"type":"binary-expr","locations":[{"start":{"line":8,"column":25},"end":{"line":8,"column":35}},{"start":{"line":8,"column":39},"end":{"line":8,"column":51}},{"start":{"line":8,"column":55},"end":{"line":8,"column":56}}],"line":8},"3":{"loc":{"start":{"line":11,"column":13},"end":{"line":11,"column":23}},"type":"default-arg","locations":[{"start":{"line":11,"column":22},"end":{"line":11,"column":23}}],"line":11},"4":{"loc":{"start":{"line":12,"column":16},"end":{"line":12,"column":86}},"type":"binary-expr","locations":[{"start":{"line":12,"column":16},"end":{"line":12,"column":31}},{"start":{"line":12,"column":35},"end":{"line":12,"column":52}},{"start":{"line":12,"column":56},"end":{"line":12,"column":74}},{"start":{"line":12,"column":78},"end":{"line":12,"column":86}}],"line":12},"5":{"loc":{"start":{"line":17,"column":4},"end":{"line":17,"column":44}},"type":"if","locations":[{"start":{"line":17,"column":4},"end":{"line":17,"column":44}},{"start":{},"end":{}}],"line":17}},"s":{"0":4,"1":4,"2":4,"3":4,"4":4,"5":4,"6":2,"7":2,"8":1,"9":0,"10":1,"11":1,"12":1},"f":{"0":4,"1":2,"2":1},"b":{"0":[0],"1":[2],"2":[4,2,2],"3":[2],"4":[2,0,0,0],"5":[0,1]},"_coverageSchema":"1a1c01bbd47fc00a2c39e90264f33305004495a9","hash":"47716ac9c61ff93cf5309b561c9fda38d370bc36"}
,"/workspace/auto-battler/game/src/logic/BattleManager.js": {"path":"/workspace/auto-battler/game/src/logic/BattleManager.js","statementMap":{"0":{"start":{"line":2,"column":23},"end":{"line":2,"column":68}},"1":{"start":{"line":2,"column":40},"end":{"line":2,"column":67}},"2":{"start":{"line":3,"column":23},"end":{"line":3,"column":69}},"3":{"start":{"line":3,"column":41},"end":{"line":3,"column":68}},"4":{"start":{"line":4,"column":2},"end":{"line":4,"column":40}}},"fnMap":{"0":{"name":"checkVictory","decl":{"start":{"line":1,"column":16},"end":{"line":1,"column":28}},"loc":{"start":{"line":1,"column":46},"end":{"line":5,"column":1}},"line":1},"1":{"name":"(anonymous_1)","decl":{"start":{"line":2,"column":35},"end":{"line":2,"column":36}},"loc":{"start":{"line":2,"column":40},"end":{"line":2,"column":67}},"line":2},"2":{"name":"(anonymous_2)","decl":{"start":{"line":3,"column":36},"end":{"line":3,"column":37}},"loc":{"start":{"line":3,"column":41},"end":{"line":3,"column":68}},"line":3}},"branchMap":{"0":{"loc":{"start":{"line":2,"column":40},"end":{"line":2,"column":67}},"type":"binary-expr","locations":[{"start":{"line":2,"column":40},"end":{"line":2,"column":55}},{"start":{"line":2,"column":59},"end":{"line":2,"column":67}}],"line":2},"1":{"loc":{"start":{"line":3,"column":41},"end":{"line":3,"column":68}},"type":"binary-expr","locations":[{"start":{"line":3,"column":41},"end":{"line":3,"column":56}},{"start":{"line":3,"column":60},"end":{"line":3,"column":68}}],"line":3},"2":{"loc":{"start":{"line":4,"column":9},"end":{"line":4,"column":39}},"type":"binary-expr","locations":[{"start":{"line":4,"column":9},"end":{"line":4,"column":22}},{"start":{"line":4,"column":26},"end":{"line":4,"column":39}}],"line":4}},"s":{"0":1,"1":1,"2":1,"3":1,"4":1},"f":{"0":1,"1":1,"2":1},"b":{"0":[1,1],"1":[1,1],"2":[1,0]},"_coverageSchema":"1a1c01bbd47fc00a2c39e90264f33305004495a9","hash":"bc92786e26d6502f86627f88d840bf8ae92a7aff"}
,"/workspace/auto-battler/game/src/logic/battleSimulator.js": {"path":"/workspace/auto-battler/game/src/logic/battleSimulator.js","statementMap":{"0":{"start":{"line":4,"column":20},"end":{"line":15,"column":1}},"1":{"start":{"line":17,"column":18},"end":{"line":22,"column":1}},"2":{"start":{"line":18,"column":2},"end":{"line":20,"column":3}},"3":{"start":{"line":19,"column":4},"end":{"line":19,"column":45}},"4":{"start":{"line":21,"column":2},"end":{"line":21,"column":43}},"5":{"start":{"line":24,"column":17},"end":{"line":33,"column":1}},"6":{"start":{"line":25,"column":2},"end":{"line":32,"column":6}},"7":{"start":{"line":25,"column":39},"end":{"line":32,"column":3}},"8":{"start":{"line":42,"column":24},"end":{"line":52,"column":3}},"9":{"start":{"line":43,"column":15},"end":{"line":43,"column":39}},"10":{"start":{"line":44,"column":19},"end":{"line":44,"column":68}},"11":{"start":{"line":45,"column":21},"end":{"line":50,"column":6}},"12":{"start":{"line":46,"column":6},"end":{"line":48,"column":7}},"13":{"start":{"line":47,"column":8},"end":{"line":47,"column":58}},"14":{"start":{"line":49,"column":6},"end":{"line":49,"column":18}},"15":{"start":{"line":51,"column":4},"end":{"line":51,"column":91}},"16":{"start":{"line":54,"column":18},"end":{"line":54,"column":57}},"17":{"start":{"line":55,"column":18},"end":{"line":55,"column":57}},"18":{"start":{"line":57,"column":20},"end":{"line":57,"column":44}},"19":{"start":{"line":60,"column":16},"end":{"line":60,"column":18}},"20":{"start":{"line":61,"column":18},"end":{"line":71,"column":3}},"21":{"start":{"line":62,"column":4},"end":{"line":70,"column":7}},"22":{"start":{"line":73,"column":21},"end":{"line":76,"column":3}},"23":{"start":{"line":74,"column":16},"end":{"line":74,"column":32}},"24":{"start":{"line":75,"column":4},"end":{"line":75,"column":70}},"25":{"start":{"line":78,"column":19},"end":{"line":86,"column":3}},"26":{"start":{"line":79,"column":4},"end":{"line":81,"column":5}},"27":{"start":{"line":80,"column":6},"end":{"line":80,"column":52}},"28":{"start":{"line":82,"column":4},"end":{"line":85,"column":5}},"29":{"start":{"line":83,"column":19},"end":{"line":83,"column":36}},"30":{"start":{"line":84,"column":6},"end":{"line":84,"column":27}},"31":{"start":{"line":88,"column":21},"end":{"line":88,"column":25}},"32":{"start":{"line":89,"column":21},"end":{"line":89,"column":25}},"33":{"start":{"line":90,"column":18},"end":{"line":90,"column":21}},"34":{"start":{"line":91,"column":21},"end":{"line":91,"column":22}},"35":{"start":{"line":93,"column":2},"end":{"line":177,"column":3}},"36":{"start":{"line":94,"column":4},"end":{"line":94,"column":19}},"37":{"start":{"line":95,"column":4},"end":{"line":99,"column":5}},"38":{"start":{"line":96,"column":6},"end":{"line":96,"column":91}},"39":{"start":{"line":97,"column":6},"end":{"line":97,"column":159}},"40":{"start":{"line":98,"column":6},"end":{"line":98,"column":12}},"41":{"start":{"line":101,"column":4},"end":{"line":176,"column":5}},"42":{"start":{"line":102,"column":6},"end":{"line":102,"column":40}},"43":{"start":{"line":102,"column":31},"end":{"line":102,"column":40}},"44":{"start":{"line":104,"column":22},"end":{"line":104,"column":48}},"45":{"start":{"line":105,"column":6},"end":{"line":105,"column":23}},"46":{"start":{"line":106,"column":6},"end":{"line":106,"column":21}},"47":{"start":{"line":107,"column":6},"end":{"line":107,"column":107}},"48":{"start":{"line":109,"column":28},"end":{"line":113,"column":8}},"49":{"start":{"line":110,"column":21},"end":{"line":110,"column":25}},"50":{"start":{"line":111,"column":21},"end":{"line":111,"column":54}},"51":{"start":{"line":112,"column":8},"end":{"line":112,"column":42}},"52":{"start":{"line":115,"column":6},"end":{"line":117,"column":7}},"53":{"start":{"line":116,"column":8},"end":{"line":116,"column":17}},"54":{"start":{"line":119,"column":25},"end":{"line":119,"column":41}},"55":{"start":{"line":120,"column":19},"end":{"line":120,"column":64}},"56":{"start":{"line":121,"column":22},"end":{"line":121,"column":48}},"57":{"start":{"line":122,"column":6},"end":{"line":122,"column":66}},"58":{"start":{"line":124,"column":30},"end":{"line":124,"column":59}},"59":{"start":{"line":125,"column":6},"end":{"line":127,"column":7}},"60":{"start":{"line":126,"column":8},"end":{"line":126,"column":45}},"61":{"start":{"line":129,"column":24},"end":{"line":129,"column":66}},"62":{"start":{"line":130,"column":21},"end":{"line":130,"column":44}},"63":{"start":{"line":131,"column":6},"end":{"line":131,"column":28}},"64":{"start":{"line":131,"column":19},"end":{"line":131,"column":28}},"65":{"start":{"line":133,"column":31},"end":{"line":133,"column":73}},"66":{"start":{"line":134,"column":6},"end":{"line":136,"column":7}},"67":{"start":{"line":135,"column":8},"end":{"line":135,"column":66}},"68":{"start":{"line":137,"column":6},"end":{"line":139,"column":7}},"69":{"start":{"line":138,"column":8},"end":{"line":138,"column":66}},"70":{"start":{"line":140,"column":24},"end":{"line":140,"column":50}},"71":{"start":{"line":141,"column":6},"end":{"line":149,"column":8}},"72":{"start":{"line":151,"column":6},"end":{"line":160,"column":7}},"73":{"start":{"line":152,"column":26},"end":{"line":152,"column":35}},"74":{"start":{"line":153,"column":27},"end":{"line":153,"column":53}},"75":{"start":{"line":154,"column":8},"end":{"line":154,"column":127}},"76":{"start":{"line":155,"column":8},"end":{"line":159,"column":9}},"77":{"start":{"line":156,"column":27},"end":{"line":156,"column":37}},"78":{"start":{"line":157,"column":28},"end":{"line":157,"column":54}},"79":{"start":{"line":158,"column":10},"end":{"line":158,"column":95}},"80":{"start":{"line":162,"column":6},"end":{"line":162,"column":56}},"81":{"start":{"line":162,"column":39},"end":{"line":162,"column":54}},"82":{"start":{"line":163,"column":6},"end":{"line":163,"column":56}},"83":{"start":{"line":163,"column":39},"end":{"line":163,"column":54}},"84":{"start":{"line":164,"column":6},"end":{"line":167,"column":7}},"85":{"start":{"line":165,"column":8},"end":{"line":165,"column":143}},"86":{"start":{"line":166,"column":8},"end":{"line":166,"column":21}},"87":{"start":{"line":168,"column":6},"end":{"line":171,"column":7}},"88":{"start":{"line":169,"column":8},"end":{"line":169,"column":132}},"89":{"start":{"line":170,"column":8},"end":{"line":170,"column":21}},"90":{"start":{"line":172,"column":6},"end":{"line":175,"column":7}},"91":{"start":{"line":173,"column":8},"end":{"line":173,"column":130}},"92":{"start":{"line":174,"column":8},"end":{"line":174,"column":21}},"93":{"start":{"line":178,"column":2},"end":{"line":178,"column":15}}},"fnMap":{"0":{"name":"(anonymous_0)","decl":{"start":{"line":17,"column":18},"end":{"line":17,"column":19}},"loc":{"start":{"line":17,"column":29},"end":{"line":22,"column":1}},"line":17},"1":{"name":"(anonymous_1)","decl":{"start":{"line":24,"column":17},"end":{"line":24,"column":18}},"loc":{"start":{"line":24,"column":34},"end":{"line":33,"column":1}},"line":24},"2":{"name":"(anonymous_2)","decl":{"start":{"line":25,"column":33},"end":{"line":25,"column":34}},"loc":{"start":{"line":25,"column":39},"end":{"line":32,"column":3}},"line":25},"3":{"name":"simulateBattle","decl":{"start":{"line":41,"column":16},"end":{"line":41,"column":30}},"loc":{"start":{"line":41,"column":53},"end":{"line":179,"column":1}},"line":41},"4":{"name":"(anonymous_4)","decl":{"start":{"line":42,"column":24},"end":{"line":42,"column":25}},"loc":{"start":{"line":42,"column":31},"end":{"line":52,"column":3}},"line":42},"5":{"name":"(anonymous_5)","decl":{"start":{"line":45,"column":69},"end":{"line":45,"column":70}},"loc":{"start":{"line":45,"column":79},"end":{"line":50,"column":5}},"line":45},"6":{"name":"(anonymous_6)","decl":{"start":{"line":61,"column":18},"end":{"line":61,"column":19}},"loc":{"start":{"line":61,"column":77},"end":{"line":71,"column":3}},"line":61},"7":{"name":"(anonymous_7)","decl":{"start":{"line":73,"column":21},"end":{"line":73,"column":22}},"loc":{"start":{"line":73,"column":31},"end":{"line":76,"column":3}},"line":73},"8":{"name":"(anonymous_8)","decl":{"start":{"line":78,"column":19},"end":{"line":78,"column":20}},"loc":{"start":{"line":78,"column":29},"end":{"line":86,"column":3}},"line":78},"9":{"name":"(anonymous_9)","decl":{"start":{"line":109,"column":45},"end":{"line":109,"column":46}},"loc":{"start":{"line":109,"column":53},"end":{"line":113,"column":7}},"line":109},"10":{"name":"(anonymous_10)","decl":{"start":{"line":162,"column":34},"end":{"line":162,"column":35}},"loc":{"start":{"line":162,"column":39},"end":{"line":162,"column":54}},"line":162},"11":{"name":"(anonymous_11)","decl":{"start":{"line":163,"column":34},"end":{"line":163,"column":35}},"loc":{"start":{"line":163,"column":39},"end":{"line":163,"column":54}},"line":163}},"branchMap":{"0":{"loc":{"start":{"line":18,"column":2},"end":{"line":20,"column":3}},"type":"if","locations":[{"start":{"line":18,"column":2},"end":{"line":20,"column":3}},{"start":{},"end":{}}],"line":18},"1":{"loc":{"start":{"line":30,"column":11},"end":{"line":30,"column":24}},"type":"binary-expr","locations":[{"start":{"line":30,"column":11},"end":{"line":30,"column":18}},{"start":{"line":30,"column":22},"end":{"line":30,"column":24}}],"line":30},"2":{"loc":{"start":{"line":31,"column":10},"end":{"line":31,"column":47}},"type":"cond-expr","locations":[{"start":{"line":31,"column":30},"end":{"line":31,"column":37}},{"start":{"line":31,"column":40},"end":{"line":31,"column":47}}],"line":31},"3":{"loc":{"start":{"line":43,"column":15},"end":{"line":43,"column":39}},"type":"binary-expr","locations":[{"start":{"line":43,"column":15},"end":{"line":43,"column":19}},{"start":{"line":43,"column":23},"end":{"line":43,"column":34}},{"start":{"line":43,"column":38},"end":{"line":43,"column":39}}],"line":43},"4":{"loc":{"start":{"line":44,"column":19},"end":{"line":44,"column":68}},"type":"binary-expr","locations":[{"start":{"line":44,"column":19},"end":{"line":44,"column":27}},{"start":{"line":44,"column":31},"end":{"line":44,"column":44}},{"start":{"line":44,"column":48},"end":{"line":44,"column":63}},{"start":{"line":44,"column":67},"end":{"line":44,"column":68}}],"line":44},"5":{"loc":{"start":{"line":45,"column":26},"end":{"line":45,"column":62}},"type":"binary-expr","locations":[{"start":{"line":45,"column":26},"end":{"line":45,"column":32}},{"start":{"line":45,"column":36},"end":{"line":45,"column":43}},{"start":{"line":45,"column":47},"end":{"line":45,"column":56}},{"start":{"line":45,"column":60},"end":{"line":45,"column":62}}],"line":45},"6":{"loc":{"start":{"line":46,"column":6},"end":{"line":48,"column":7}},"type":"if","locations":[{"start":{"line":46,"column":6},"end":{"line":48,"column":7}},{"start":{},"end":{}}],"line":46},"7":{"loc":{"start":{"line":47,"column":15},"end":{"line":47,"column":57}},"type":"binary-expr","locations":[{"start":{"line":47,"column":15},"end":{"line":47,"column":32}},{"start":{"line":47,"column":36},"end":{"line":47,"column":57}}],"line":47},"8":{"loc":{"start":{"line":65,"column":15},"end":{"line":65,"column":28}},"type":"binary-expr","locations":[{"start":{"line":65,"column":15},"end":{"line":65,"column":22}},{"start":{"line":65,"column":26},"end":{"line":65,"column":28}}],"line":65},"9":{"loc":{"start":{"line":66,"column":15},"end":{"line":66,"column":28}},"type":"binary-expr","locations":[{"start":{"line":66,"column":15},"end":{"line":66,"column":22}},{"start":{"line":66,"column":26},"end":{"line":66,"column":28}}],"line":66},"10":{"loc":{"start":{"line":69,"column":18},"end":{"line":69,"column":27}},"type":"binary-expr","locations":[{"start":{"line":69,"column":18},"end":{"line":69,"column":21}},{"start":{"line":69,"column":25},"end":{"line":69,"column":27}}],"line":69},"11":{"loc":{"start":{"line":74,"column":16},"end":{"line":74,"column":32}},"type":"binary-expr","locations":[{"start":{"line":74,"column":16},"end":{"line":74,"column":27}},{"start":{"line":74,"column":31},"end":{"line":74,"column":32}}],"line":74},"12":{"loc":{"start":{"line":75,"column":40},"end":{"line":75,"column":63}},"type":"binary-expr","locations":[{"start":{"line":75,"column":40},"end":{"line":75,"column":58}},{"start":{"line":75,"column":62},"end":{"line":75,"column":63}}],"line":75},"13":{"loc":{"start":{"line":79,"column":4},"end":{"line":81,"column":5}},"type":"if","locations":[{"start":{"line":79,"column":4},"end":{"line":81,"column":5}},{"start":{},"end":{}}],"line":79},"14":{"loc":{"start":{"line":82,"column":4},"end":{"line":85,"column":5}},"type":"if","locations":[{"start":{"line":82,"column":4},"end":{"line":85,"column":5}},{"start":{},"end":{}}],"line":82},"15":{"loc":{"start":{"line":93,"column":9},"end":{"line":93,"column":37}},"type":"binary-expr","locations":[{"start":{"line":93,"column":9},"end":{"line":93,"column":21}},{"start":{"line":93,"column":25},"end":{"line":93,"column":37}}],"line":93},"16":{"loc":{"start":{"line":95,"column":4},"end":{"line":99,"column":5}},"type":"if","locations":[{"start":{"line":95,"column":4},"end":{"line":99,"column":5}},{"start":{},"end":{}}],"line":95},"17":{"loc":{"start":{"line":102,"column":6},"end":{"line":102,"column":40}},"type":"if","locations":[{"start":{"line":102,"column":6},"end":{"line":102,"column":40}},{"start":{},"end":{}}],"line":102},"18":{"loc":{"start":{"line":111,"column":21},"end":{"line":111,"column":54}},"type":"binary-expr","locations":[{"start":{"line":111,"column":21},"end":{"line":111,"column":36}},{"start":{"line":111,"column":40},"end":{"line":111,"column":49}},{"start":{"line":111,"column":53},"end":{"line":111,"column":54}}],"line":111},"19":{"loc":{"start":{"line":115,"column":6},"end":{"line":117,"column":7}},"type":"if","locations":[{"start":{"line":115,"column":6},"end":{"line":117,"column":7}},{"start":{},"end":{}}],"line":115},"20":{"loc":{"start":{"line":120,"column":19},"end":{"line":120,"column":64}},"type":"binary-expr","locations":[{"start":{"line":120,"column":19},"end":{"line":120,"column":40}},{"start":{"line":120,"column":44},"end":{"line":120,"column":59}},{"start":{"line":120,"column":63},"end":{"line":120,"column":64}}],"line":120},"21":{"loc":{"start":{"line":125,"column":6},"end":{"line":127,"column":7}},"type":"if","locations":[{"start":{"line":125,"column":6},"end":{"line":127,"column":7}},{"start":{},"end":{}}],"line":125},"22":{"loc":{"start":{"line":129,"column":24},"end":{"line":129,"column":66}},"type":"cond-expr","locations":[{"start":{"line":129,"column":49},"end":{"line":129,"column":56}},{"start":{"line":129,"column":59},"end":{"line":129,"column":66}}],"line":129},"23":{"loc":{"start":{"line":131,"column":6},"end":{"line":131,"column":28}},"type":"if","locations":[{"start":{"line":131,"column":6},"end":{"line":131,"column":28}},{"start":{},"end":{}}],"line":131},"24":{"loc":{"start":{"line":134,"column":6},"end":{"line":136,"column":7}},"type":"if","locations":[{"start":{"line":134,"column":6},"end":{"line":136,"column":7}},{"start":{},"end":{}}],"line":134},"25":{"loc":{"start":{"line":137,"column":6},"end":{"line":139,"column":7}},"type":"if","locations":[{"start":{"line":137,"column":6},"end":{"line":139,"column":7}},{"start":{},"end":{}}],"line":137},"26":{"loc":{"start":{"line":151,"column":6},"end":{"line":160,"column":7}},"type":"if","locations":[{"start":{"line":151,"column":6},"end":{"line":160,"column":7}},{"start":{},"end":{}}],"line":151},"27":{"loc":{"start":{"line":155,"column":8},"end":{"line":159,"column":9}},"type":"if","locations":[{"start":{"line":155,"column":8},"end":{"line":159,"column":9}},{"start":{},"end":{}}],"line":155},"28":{"loc":{"start":{"line":164,"column":6},"end":{"line":167,"column":7}},"type":"if","locations":[{"start":{"line":164,"column":6},"end":{"line":167,"column":7}},{"start":{},"end":{}}],"line":164},"29":{"loc":{"start":{"line":164,"column":10},"end":{"line":164,"column":40}},"type":"binary-expr","locations":[{"start":{"line":164,"column":10},"end":{"line":164,"column":23}},{"start":{"line":164,"column":27},"end":{"line":164,"column":40}}],"line":164},"30":{"loc":{"start":{"line":168,"column":6},"end":{"line":171,"column":7}},"type":"if","locations":[{"start":{"line":168,"column":6},"end":{"line":171,"column":7}},{"start":{},"end":{}}],"line":168},"31":{"loc":{"start":{"line":172,"column":6},"end":{"line":175,"column":7}},"type":"if","locations":[{"start":{"line":172,"column":6},"end":{"line":175,"column":7}},{"start":{},"end":{}}],"line":172}},"s":{"0":2,"1":2,"2":4,"3":0,"4":4,"5":2,"6":1628,"7":6496,"8":2,"9":6,"10":6,"11":6,"12":8,"13":6,"14":2,"15":6,"16":2,"17":2,"18":2,"19":2,"20":2,"21":818,"22":2,"23":801,"24":801,"25":2,"26":801,"27":794,"28":801,"29":7,"30":7,"31":2,"32":2,"33":2,"34":2,"35":2,"36":202,"37":202,"38":1,"39":1,"40":1,"41":201,"42":801,"43":0,"44":801,"45":801,"46":801,"47":801,"48":801,"49":7,"50":7,"51":7,"52":801,"53":794,"54":7,"55":7,"56":7,"57":7,"58":7,"59":7,"60":7,"61":7,"62":7,"63":7,"64":0,"65":7,"66":7,"67":0,"68":7,"69":7,"70":7,"71":7,"72":7,"73":7,"74":7,"75":7,"76":7,"77":1,"78":1,"79":1,"80":7,"81":7,"82":7,"83":7,"84":7,"85":0,"86":0,"87":7,"88":1,"89":1,"90":6,"91":0,"92":0,"93":1},"f":{"0":4,"1":1628,"2":6496,"3":2,"4":6,"5":8,"6":818,"7":801,"8":801,"9":7,"10":7,"11":7},"b":{"0":[0,4],"1":[6496,6496],"2":[3248,3248],"3":[6,2,0],"4":[6,2,0,0],"5":[6,4,2,0],"6":[6,2],"7":[6,0],"8":[818,0],"9":[818,0],"10":[818,0],"11":[801,0],"12":[801,11],"13":[794,7],"14":[7,794],"15":[202,202],"16":[1,201],"17":[0,801],"18":[7,7,0],"19":[794,7],"20":[7,7,0],"21":[7,0],"22":[5,2],"23":[0,7],"24":[0,7],"25":[7,0],"26":[7,0],"27":[1,6],"28":[0,7],"29":[7,0],"30":[1,6],"31":[0,6]},"_coverageSchema":"1a1c01bbd47fc00a2c39e90264f33305004495a9","hash":"d07334ddfb1fa2bb72b3786ad0aa0be4f22cc85b"}
,"/workspace/auto-battler/game/src/logic/battleUtils.js": {"path":"/workspace/auto-battler/game/src/logic/battleUtils.js","statementMap":{"0":{"start":{"line":2,"column":16},"end":{"line":2,"column":50}},"1":{"start":{"line":2,"column":34},"end":{"line":2,"column":49}},"2":{"start":{"line":3,"column":2},"end":{"line":3,"column":38}},"3":{"start":{"line":3,"column":26},"end":{"line":3,"column":38}},"4":{"start":{"line":4,"column":2},"end":{"line":4,"column":57}},"5":{"start":{"line":8,"column":18},"end":{"line":8,"column":20}},"6":{"start":{"line":9,"column":2},"end":{"line":9,"column":45}},"7":{"start":{"line":9,"column":19},"end":{"line":9,"column":45}},"8":{"start":{"line":10,"column":2},"end":{"line":10,"column":65}},"9":{"start":{"line":10,"column":35},"end":{"line":10,"column":65}},"10":{"start":{"line":11,"column":15},"end":{"line":11,"column":16}},"11":{"start":{"line":12,"column":13},"end":{"line":12,"column":14}},"12":{"start":{"line":13,"column":2},"end":{"line":17,"column":3}},"13":{"start":{"line":14,"column":19},"end":{"line":14,"column":50}},"14":{"start":{"line":15,"column":4},"end":{"line":15,"column":48}},"15":{"start":{"line":15,"column":31},"end":{"line":15,"column":48}},"16":{"start":{"line":16,"column":4},"end":{"line":16,"column":44}},"17":{"start":{"line":16,"column":29},"end":{"line":16,"column":44}},"18":{"start":{"line":18,"column":2},"end":{"line":18,"column":26}}},"fnMap":{"0":{"name":"chooseTarget","decl":{"start":{"line":1,"column":16},"end":{"line":1,"column":28}},"loc":{"start":{"line":1,"column":36},"end":{"line":5,"column":1}},"line":1},"1":{"name":"(anonymous_1)","decl":{"start":{"line":2,"column":29},"end":{"line":2,"column":30}},"loc":{"start":{"line":2,"column":34},"end":{"line":2,"column":49}},"line":2},"2":{"name":"applyCardEffects","decl":{"start":{"line":7,"column":16},"end":{"line":7,"column":32}},"loc":{"start":{"line":7,"column":59},"end":{"line":19,"column":1}},"line":7}},"branchMap":{"0":{"loc":{"start":{"line":3,"column":2},"end":{"line":3,"column":38}},"type":"if","locations":[{"start":{"line":3,"column":2},"end":{"line":3,"column":38}},{"start":{},"end":{}}],"line":3},"1":{"loc":{"start":{"line":9,"column":2},"end":{"line":9,"column":45}},"type":"if","locations":[{"start":{"line":9,"column":2},"end":{"line":9,"column":45}},{"start":{},"end":{}}],"line":9},"2":{"loc":{"start":{"line":10,"column":2},"end":{"line":10,"column":65}},"type":"if","locations":[{"start":{"line":10,"column":2},"end":{"line":10,"column":65}},{"start":{},"end":{}}],"line":10},"3":{"loc":{"start":{"line":14,"column":19},"end":{"line":14,"column":50}},"type":"binary-expr","locations":[{"start":{"line":14,"column":19},"end":{"line":14,"column":32}},{"start":{"line":14,"column":36},"end":{"line":14,"column":45}},{"start":{"line":14,"column":49},"end":{"line":14,"column":50}}],"line":14},"4":{"loc":{"start":{"line":15,"column":4},"end":{"line":15,"column":48}},"type":"if","locations":[{"start":{"line":15,"column":4},"end":{"line":15,"column":48}},{"start":{},"end":{}}],"line":15},"5":{"loc":{"start":{"line":16,"column":4},"end":{"line":16,"column":44}},"type":"if","locations":[{"start":{"line":16,"column":4},"end":{"line":16,"column":44}},{"start":{},"end":{}}],"line":16}},"s":{"0":7,"1":13,"2":7,"3":0,"4":7,"5":7,"6":7,"7":7,"8":7,"9":0,"10":7,"11":7,"12":7,"13":7,"14":7,"15":7,"16":7,"17":0,"18":7},"f":{"0":7,"1":13,"2":7},"b":{"0":[0,7],"1":[7,0],"2":[0,7],"3":[7,0,0],"4":[7,0],"5":[0,7]},"_coverageSchema":"1a1c01bbd47fc00a2c39e90264f33305004495a9","hash":"359ee10ea68fe0834c574f792b5a7d7eb0b9c876"}
,"/workspace/auto-battler/game/src/logic/sampleBattleData.js": {"path":"/workspace/auto-battler/game/src/logic/sampleBattleData.js","statementMap":{"0":{"start":{"line":1,"column":27},"end":{"line":16,"column":1}},"1":{"start":{"line":18,"column":26},"end":{"line":33,"column":1}}},"fnMap":{},"branchMap":{},"s":{"0":1,"1":1},"f":{},"b":{},"_coverageSchema":"1a1c01bbd47fc00a2c39e90264f33305004495a9","hash":"119983188c331a1d8619fea21c4a249792950f8b"}
,"/workspace/auto-battler/game/src/utils/shuffleArray.js": {"path":"/workspace/auto-battler/game/src/utils/shuffleArray.js","statementMap":{"0":{"start":{"line":2,"column":17},"end":{"line":2,"column":30}},"1":{"start":{"line":3,"column":2},"end":{"line":6,"column":3}},"2":{"start":{"line":3,"column":15},"end":{"line":3,"column":32}},"3":{"start":{"line":4,"column":14},"end":{"line":4,"column":49}},"4":{"start":{"line":5,"column":4},"end":{"line":5,"column":52}},"5":{"start":{"line":7,"column":2},"end":{"line":9,"column":3}},"6":{"start":{"line":7,"column":31},"end":{"line":7,"column":47}},"7":{"start":{"line":8,"column":4},"end":{"line":8,"column":52}},"8":{"start":{"line":10,"column":2},"end":{"line":10,"column":16}}},"fnMap":{"0":{"name":"shuffleArray","decl":{"start":{"line":1,"column":16},"end":{"line":1,"column":28}},"loc":{"start":{"line":1,"column":36},"end":{"line":11,"column":1}},"line":1},"1":{"name":"(anonymous_1)","decl":{"start":{"line":7,"column":19},"end":{"line":7,"column":20}},"loc":{"start":{"line":7,"column":31},"end":{"line":7,"column":47}},"line":7}},"branchMap":{"0":{"loc":{"start":{"line":7,"column":2},"end":{"line":9,"column":3}},"type":"if","locations":[{"start":{"line":7,"column":2},"end":{"line":9,"column":3}},{"start":{},"end":{}}],"line":7},"1":{"loc":{"start":{"line":7,"column":6},"end":{"line":7,"column":69}},"type":"binary-expr","locations":[{"start":{"line":7,"column":6},"end":{"line":7,"column":48}},{"start":{"line":7,"column":52},"end":{"line":7,"column":69}}],"line":7}},"s":{"0":796,"1":796,"2":796,"3":8,"4":8,"5":796,"6":2,"7":0,"8":796},"f":{"0":796,"1":2},"b":{"0":[0,796],"1":[796,794]},"_coverageSchema":"1a1c01bbd47fc00a2c39e90264f33305004495a9","hash":"aa9ad3404a6d223e6bd4b167a05fcae931a1a5e6"}
}
