{"/app/game/src/logic/battleSimulator.js": {"path":"/app/game/src/logic/battleSimulator.js","statementMap":{"0":{"start":{"line":4,"column":20},"end":{"line":15,"column":1}},"1":{"start":{"line":17,"column":18},"end":{"line":22,"column":1}},"2":{"start":{"line":18,"column":2},"end":{"line":20,"column":3}},"3":{"start":{"line":19,"column":4},"end":{"line":19,"column":45}},"4":{"start":{"line":21,"column":2},"end":{"line":21,"column":43}},"5":{"start":{"line":24,"column":17},"end":{"line":33,"column":1}},"6":{"start":{"line":25,"column":2},"end":{"line":32,"column":6}},"7":{"start":{"line":25,"column":39},"end":{"line":32,"column":3}},"8":{"start":{"line":42,"column":18},"end":{"line":42,"column":145}},"9":{"start":{"line":42,"column":49},"end":{"line":42,"column":143}},"10":{"start":{"line":43,"column":18},"end":{"line":43,"column":145}},"11":{"start":{"line":43,"column":49},"end":{"line":43,"column":143}},"12":{"start":{"line":45,"column":20},"end":{"line":45,"column":44}},"13":{"start":{"line":48,"column":16},"end":{"line":48,"column":18}},"14":{"start":{"line":49,"column":18},"end":{"line":59,"column":3}},"15":{"start":{"line":50,"column":4},"end":{"line":58,"column":7}},"16":{"start":{"line":61,"column":21},"end":{"line":64,"column":3}},"17":{"start":{"line":62,"column":16},"end":{"line":62,"column":32}},"18":{"start":{"line":63,"column":4},"end":{"line":63,"column":70}},"19":{"start":{"line":66,"column":19},"end":{"line":74,"column":3}},"20":{"start":{"line":67,"column":4},"end":{"line":69,"column":5}},"21":{"start":{"line":68,"column":6},"end":{"line":68,"column":52}},"22":{"start":{"line":70,"column":4},"end":{"line":73,"column":5}},"23":{"start":{"line":71,"column":19},"end":{"line":71,"column":36}},"24":{"start":{"line":72,"column":6},"end":{"line":72,"column":27}},"25":{"start":{"line":76,"column":21},"end":{"line":76,"column":25}},"26":{"start":{"line":77,"column":21},"end":{"line":77,"column":25}},"27":{"start":{"line":78,"column":18},"end":{"line":78,"column":21}},"28":{"start":{"line":79,"column":21},"end":{"line":79,"column":22}},"29":{"start":{"line":81,"column":2},"end":{"line":174,"column":3}},"30":{"start":{"line":82,"column":4},"end":{"line":82,"column":19}},"31":{"start":{"line":83,"column":4},"end":{"line":87,"column":5}},"32":{"start":{"line":84,"column":6},"end":{"line":84,"column":91}},"33":{"start":{"line":85,"column":6},"end":{"line":85,"column":159}},"34":{"start":{"line":86,"column":6},"end":{"line":86,"column":12}},"35":{"start":{"line":89,"column":4},"end":{"line":173,"column":5}},"36":{"start":{"line":90,"column":6},"end":{"line":90,"column":40}},"37":{"start":{"line":90,"column":31},"end":{"line":90,"column":40}},"38":{"start":{"line":92,"column":22},"end":{"line":92,"column":48}},"39":{"start":{"line":93,"column":6},"end":{"line":93,"column":23}},"40":{"start":{"line":94,"column":6},"end":{"line":94,"column":21}},"41":{"start":{"line":95,"column":6},"end":{"line":95,"column":107}},"42":{"start":{"line":98,"column":30},"end":{"line":101,"column":8}},"43":{"start":{"line":99,"column":25},"end":{"line":99,"column":44}},"44":{"start":{"line":100,"column":8},"end":{"line":100,"column":93}},"45":{"start":{"line":103,"column":6},"end":{"line":105,"column":7}},"46":{"start":{"line":104,"column":8},"end":{"line":104,"column":17}},"47":{"start":{"line":107,"column":27},"end":{"line":107,"column":45}},"48":{"start":{"line":108,"column":29},"end":{"line":108,"column":54}},"49":{"start":{"line":110,"column":6},"end":{"line":113,"column":7}},"50":{"start":{"line":111,"column":8},"end":{"line":111,"column":65}},"51":{"start":{"line":112,"column":8},"end":{"line":112,"column":17}},"52":{"start":{"line":115,"column":19},"end":{"line":115,"column":72}},"53":{"start":{"line":116,"column":22},"end":{"line":116,"column":48}},"54":{"start":{"line":117,"column":6},"end":{"line":117,"column":66}},"55":{"start":{"line":120,"column":30},"end":{"line":120,"column":61}},"56":{"start":{"line":121,"column":6},"end":{"line":123,"column":7}},"57":{"start":{"line":122,"column":8},"end":{"line":122,"column":45}},"58":{"start":{"line":125,"column":24},"end":{"line":125,"column":66}},"59":{"start":{"line":126,"column":21},"end":{"line":126,"column":44}},"60":{"start":{"line":127,"column":6},"end":{"line":127,"column":28}},"61":{"start":{"line":127,"column":19},"end":{"line":127,"column":28}},"62":{"start":{"line":130,"column":31},"end":{"line":130,"column":77}},"63":{"start":{"line":131,"column":6},"end":{"line":133,"column":7}},"64":{"start":{"line":132,"column":8},"end":{"line":132,"column":66}},"65":{"start":{"line":134,"column":6},"end":{"line":136,"column":7}},"66":{"start":{"line":135,"column":8},"end":{"line":135,"column":66}},"67":{"start":{"line":137,"column":24},"end":{"line":137,"column":50}},"68":{"start":{"line":138,"column":6},"end":{"line":146,"column":8}},"69":{"start":{"line":148,"column":6},"end":{"line":157,"column":7}},"70":{"start":{"line":149,"column":26},"end":{"line":149,"column":35}},"71":{"start":{"line":150,"column":27},"end":{"line":150,"column":53}},"72":{"start":{"line":151,"column":8},"end":{"line":151,"column":127}},"73":{"start":{"line":152,"column":8},"end":{"line":156,"column":9}},"74":{"start":{"line":153,"column":27},"end":{"line":153,"column":37}},"75":{"start":{"line":154,"column":28},"end":{"line":154,"column":54}},"76":{"start":{"line":155,"column":10},"end":{"line":155,"column":95}},"77":{"start":{"line":159,"column":6},"end":{"line":159,"column":56}},"78":{"start":{"line":159,"column":39},"end":{"line":159,"column":54}},"79":{"start":{"line":160,"column":6},"end":{"line":160,"column":56}},"80":{"start":{"line":160,"column":39},"end":{"line":160,"column":54}},"81":{"start":{"line":161,"column":6},"end":{"line":164,"column":7}},"82":{"start":{"line":162,"column":8},"end":{"line":162,"column":143}},"83":{"start":{"line":163,"column":8},"end":{"line":163,"column":21}},"84":{"start":{"line":165,"column":6},"end":{"line":168,"column":7}},"85":{"start":{"line":166,"column":8},"end":{"line":166,"column":132}},"86":{"start":{"line":167,"column":8},"end":{"line":167,"column":21}},"87":{"start":{"line":169,"column":6},"end":{"line":172,"column":7}},"88":{"start":{"line":170,"column":8},"end":{"line":170,"column":130}},"89":{"start":{"line":171,"column":8},"end":{"line":171,"column":21}},"90":{"start":{"line":175,"column":2},"end":{"line":175,"column":15}}},"fnMap":{"0":{"name":"(anonymous_0)","decl":{"start":{"line":17,"column":18},"end":{"line":17,"column":19}},"loc":{"start":{"line":17,"column":29},"end":{"line":22,"column":1}},"line":17},"1":{"name":"(anonymous_1)","decl":{"start":{"line":24,"column":17},"end":{"line":24,"column":18}},"loc":{"start":{"line":24,"column":34},"end":{"line":33,"column":1}},"line":24},"2":{"name":"(anonymous_2)","decl":{"start":{"line":25,"column":33},"end":{"line":25,"column":34}},"loc":{"start":{"line":25,"column":39},"end":{"line":32,"column":3}},"line":25},"3":{"name":"simulateBattle","decl":{"start":{"line":41,"column":16},"end":{"line":41,"column":30}},"loc":{"start":{"line":41,"column":53},"end":{"line":176,"column":1}},"line":41},"4":{"name":"(anonymous_4)","decl":{"start":{"line":42,"column":43},"end":{"line":42,"column":44}},"loc":{"start":{"line":42,"column":49},"end":{"line":42,"column":143}},"line":42},"5":{"name":"(anonymous_5)","decl":{"start":{"line":43,"column":43},"end":{"line":43,"column":44}},"loc":{"start":{"line":43,"column":49},"end":{"line":43,"column":143}},"line":43},"6":{"name":"(anonymous_6)","decl":{"start":{"line":49,"column":18},"end":{"line":49,"column":19}},"loc":{"start":{"line":49,"column":77},"end":{"line":59,"column":3}},"line":49},"7":{"name":"(anonymous_7)","decl":{"start":{"line":61,"column":21},"end":{"line":61,"column":22}},"loc":{"start":{"line":61,"column":31},"end":{"line":64,"column":3}},"line":61},"8":{"name":"(anonymous_8)","decl":{"start":{"line":66,"column":19},"end":{"line":66,"column":20}},"loc":{"start":{"line":66,"column":29},"end":{"line":74,"column":3}},"line":66},"9":{"name":"(anonymous_9)","decl":{"start":{"line":98,"column":47},"end":{"line":98,"column":48}},"loc":{"start":{"line":98,"column":57},"end":{"line":101,"column":7}},"line":98},"10":{"name":"(anonymous_10)","decl":{"start":{"line":159,"column":34},"end":{"line":159,"column":35}},"loc":{"start":{"line":159,"column":39},"end":{"line":159,"column":54}},"line":159},"11":{"name":"(anonymous_11)","decl":{"start":{"line":160,"column":34},"end":{"line":160,"column":35}},"loc":{"start":{"line":160,"column":39},"end":{"line":160,"column":54}},"line":160}},"branchMap":{"0":{"loc":{"start":{"line":18,"column":2},"end":{"line":20,"column":3}},"type":"if","locations":[{"start":{"line":18,"column":2},"end":{"line":20,"column":3}},{"start":{},"end":{}}],"line":18},"1":{"loc":{"start":{"line":30,"column":11},"end":{"line":30,"column":24}},"type":"binary-expr","locations":[{"start":{"line":30,"column":11},"end":{"line":30,"column":18}},{"start":{"line":30,"column":22},"end":{"line":30,"column":24}}],"line":30},"2":{"loc":{"start":{"line":31,"column":10},"end":{"line":31,"column":47}},"type":"cond-expr","locations":[{"start":{"line":31,"column":30},"end":{"line":31,"column":37}},{"start":{"line":31,"column":40},"end":{"line":31,"column":47}}],"line":31},"3":{"loc":{"start":{"line":42,"column":103},"end":{"line":42,"column":129}},"type":"binary-expr","locations":[{"start":{"line":42,"column":103},"end":{"line":42,"column":110}},{"start":{"line":42,"column":114},"end":{"line":42,"column":123}},{"start":{"line":42,"column":127},"end":{"line":42,"column":129}}],"line":42},"4":{"loc":{"start":{"line":43,"column":103},"end":{"line":43,"column":129}},"type":"binary-expr","locations":[{"start":{"line":43,"column":103},"end":{"line":43,"column":110}},{"start":{"line":43,"column":114},"end":{"line":43,"column":123}},{"start":{"line":43,"column":127},"end":{"line":43,"column":129}}],"line":43},"5":{"loc":{"start":{"line":53,"column":15},"end":{"line":53,"column":28}},"type":"binary-expr","locations":[{"start":{"line":53,"column":15},"end":{"line":53,"column":22}},{"start":{"line":53,"column":26},"end":{"line":53,"column":28}}],"line":53},"6":{"loc":{"start":{"line":54,"column":15},"end":{"line":54,"column":28}},"type":"binary-expr","locations":[{"start":{"line":54,"column":15},"end":{"line":54,"column":22}},{"start":{"line":54,"column":26},"end":{"line":54,"column":28}}],"line":54},"7":{"loc":{"start":{"line":57,"column":18},"end":{"line":57,"column":27}},"type":"binary-expr","locations":[{"start":{"line":57,"column":18},"end":{"line":57,"column":21}},{"start":{"line":57,"column":25},"end":{"line":57,"column":27}}],"line":57},"8":{"loc":{"start":{"line":62,"column":16},"end":{"line":62,"column":32}},"type":"binary-expr","locations":[{"start":{"line":62,"column":16},"end":{"line":62,"column":27}},{"start":{"line":62,"column":31},"end":{"line":62,"column":32}}],"line":62},"9":{"loc":{"start":{"line":63,"column":40},"end":{"line":63,"column":63}},"type":"binary-expr","locations":[{"start":{"line":63,"column":40},"end":{"line":63,"column":58}},{"start":{"line":63,"column":62},"end":{"line":63,"column":63}}],"line":63},"10":{"loc":{"start":{"line":67,"column":4},"end":{"line":69,"column":5}},"type":"if","locations":[{"start":{"line":67,"column":4},"end":{"line":69,"column":5}},{"start":{},"end":{}}],"line":67},"11":{"loc":{"start":{"line":70,"column":4},"end":{"line":73,"column":5}},"type":"if","locations":[{"start":{"line":70,"column":4},"end":{"line":73,"column":5}},{"start":{},"end":{}}],"line":70},"12":{"loc":{"start":{"line":81,"column":9},"end":{"line":81,"column":37}},"type":"binary-expr","locations":[{"start":{"line":81,"column":9},"end":{"line":81,"column":21}},{"start":{"line":81,"column":25},"end":{"line":81,"column":37}}],"line":81},"13":{"loc":{"start":{"line":83,"column":4},"end":{"line":87,"column":5}},"type":"if","locations":[{"start":{"line":83,"column":4},"end":{"line":87,"column":5}},{"start":{},"end":{}}],"line":83},"14":{"loc":{"start":{"line":90,"column":6},"end":{"line":90,"column":40}},"type":"if","locations":[{"start":{"line":90,"column":6},"end":{"line":90,"column":40}},{"start":{},"end":{}}],"line":90},"15":{"loc":{"start":{"line":100,"column":15},"end":{"line":100,"column":92}},"type":"binary-expr","locations":[{"start":{"line":100,"column":15},"end":{"line":100,"column":23}},{"start":{"line":100,"column":27},"end":{"line":100,"column":92}}],"line":100},"16":{"loc":{"start":{"line":100,"column":28},"end":{"line":100,"column":69}},"type":"binary-expr","locations":[{"start":{"line":100,"column":28},"end":{"line":100,"column":47}},{"start":{"line":100,"column":51},"end":{"line":100,"column":64}},{"start":{"line":100,"column":68},"end":{"line":100,"column":69}}],"line":100},"17":{"loc":{"start":{"line":103,"column":6},"end":{"line":105,"column":7}},"type":"if","locations":[{"start":{"line":103,"column":6},"end":{"line":105,"column":7}},{"start":{},"end":{}}],"line":103},"18":{"loc":{"start":{"line":110,"column":6},"end":{"line":113,"column":7}},"type":"if","locations":[{"start":{"line":110,"column":6},"end":{"line":113,"column":7}},{"start":{},"end":{}}],"line":110},"19":{"loc":{"start":{"line":115,"column":19},"end":{"line":115,"column":72}},"type":"binary-expr","locations":[{"start":{"line":115,"column":19},"end":{"line":115,"column":44}},{"start":{"line":115,"column":48},"end":{"line":115,"column":67}},{"start":{"line":115,"column":71},"end":{"line":115,"column":72}}],"line":115},"20":{"loc":{"start":{"line":121,"column":6},"end":{"line":123,"column":7}},"type":"if","locations":[{"start":{"line":121,"column":6},"end":{"line":123,"column":7}},{"start":{},"end":{}}],"line":121},"21":{"loc":{"start":{"line":125,"column":24},"end":{"line":125,"column":66}},"type":"cond-expr","locations":[{"start":{"line":125,"column":49},"end":{"line":125,"column":56}},{"start":{"line":125,"column":59},"end":{"line":125,"column":66}}],"line":125},"22":{"loc":{"start":{"line":127,"column":6},"end":{"line":127,"column":28}},"type":"if","locations":[{"start":{"line":127,"column":6},"end":{"line":127,"column":28}},{"start":{},"end":{}}],"line":127},"23":{"loc":{"start":{"line":131,"column":6},"end":{"line":133,"column":7}},"type":"if","locations":[{"start":{"line":131,"column":6},"end":{"line":133,"column":7}},{"start":{},"end":{}}],"line":131},"24":{"loc":{"start":{"line":134,"column":6},"end":{"line":136,"column":7}},"type":"if","locations":[{"start":{"line":134,"column":6},"end":{"line":136,"column":7}},{"start":{},"end":{}}],"line":134},"25":{"loc":{"start":{"line":148,"column":6},"end":{"line":157,"column":7}},"type":"if","locations":[{"start":{"line":148,"column":6},"end":{"line":157,"column":7}},{"start":{},"end":{}}],"line":148},"26":{"loc":{"start":{"line":152,"column":8},"end":{"line":156,"column":9}},"type":"if","locations":[{"start":{"line":152,"column":8},"end":{"line":156,"column":9}},{"start":{},"end":{}}],"line":152},"27":{"loc":{"start":{"line":161,"column":6},"end":{"line":164,"column":7}},"type":"if","locations":[{"start":{"line":161,"column":6},"end":{"line":164,"column":7}},{"start":{},"end":{}}],"line":161},"28":{"loc":{"start":{"line":161,"column":10},"end":{"line":161,"column":40}},"type":"binary-expr","locations":[{"start":{"line":161,"column":10},"end":{"line":161,"column":23}},{"start":{"line":161,"column":27},"end":{"line":161,"column":40}}],"line":161},"29":{"loc":{"start":{"line":165,"column":6},"end":{"line":168,"column":7}},"type":"if","locations":[{"start":{"line":165,"column":6},"end":{"line":168,"column":7}},{"start":{},"end":{}}],"line":165},"30":{"loc":{"start":{"line":169,"column":6},"end":{"line":172,"column":7}},"type":"if","locations":[{"start":{"line":169,"column":6},"end":{"line":172,"column":7}},{"start":{},"end":{}}],"line":169}},"s":{"0":1,"1":1,"2":2,"3":0,"4":2,"5":1,"6":1620,"7":6480,"8":1,"9":2,"10":1,"11":2,"12":1,"13":1,"14":1,"15":813,"16":1,"17":800,"18":800,"19":1,"20":800,"21":794,"22":800,"23":6,"24":6,"25":1,"26":1,"27":1,"28":1,"29":1,"30":201,"31":201,"32":1,"33":1,"34":1,"35":200,"36":800,"37":0,"38":800,"39":800,"40":800,"41":800,"42":800,"43":6,"44":6,"45":800,"46":794,"47":6,"48":6,"49":6,"50":0,"51":0,"52":6,"53":6,"54":6,"55":6,"56":6,"57":6,"58":6,"59":6,"60":6,"61":0,"62":6,"63":6,"64":0,"65":6,"66":6,"67":6,"68":6,"69":6,"70":6,"71":6,"72":6,"73":6,"74":0,"75":0,"76":0,"77":6,"78":6,"79":6,"80":6,"81":6,"82":0,"83":0,"84":6,"85":0,"86":0,"87":6,"88":0,"89":0,"90":1},"f":{"0":2,"1":1620,"2":6480,"3":1,"4":2,"5":2,"6":813,"7":800,"8":800,"9":6,"10":6,"11":6},"b":{"0":[0,2],"1":[6480,6480],"2":[3240,3240],"3":[2,0,0],"4":[2,2,0],"5":[813,0],"6":[813,0],"7":[813,0],"8":[800,0],"9":[800,10],"10":[794,6],"11":[6,794],"12":[201,201],"13":[1,200],"14":[0,800],"15":[6,6],"16":[6,6,0],"17":[794,6],"18":[0,6],"19":[6,6,0],"20":[6,0],"21":[4,2],"22":[0,6],"23":[0,6],"24":[6,0],"25":[6,0],"26":[0,6],"27":[0,6],"28":[6,0],"29":[0,6],"30":[0,6]},"_coverageSchema":"1a1c01bbd47fc00a2c39e90264f33305004495a9","hash":"35ed527512f231d3b988109a174f074e7bb864a3"}
,"/app/game/src/logic/battleUtils.js": {"path":"/app/game/src/logic/battleUtils.js","statementMap":{"0":{"start":{"line":2,"column":16},"end":{"line":2,"column":50}},"1":{"start":{"line":2,"column":34},"end":{"line":2,"column":49}},"2":{"start":{"line":3,"column":2},"end":{"line":3,"column":38}},"3":{"start":{"line":3,"column":26},"end":{"line":3,"column":38}},"4":{"start":{"line":4,"column":2},"end":{"line":4,"column":57}},"5":{"start":{"line":8,"column":18},"end":{"line":8,"column":20}},"6":{"start":{"line":9,"column":2},"end":{"line":9,"column":45}},"7":{"start":{"line":9,"column":19},"end":{"line":9,"column":45}},"8":{"start":{"line":10,"column":2},"end":{"line":10,"column":65}},"9":{"start":{"line":10,"column":35},"end":{"line":10,"column":65}},"10":{"start":{"line":11,"column":15},"end":{"line":11,"column":16}},"11":{"start":{"line":12,"column":13},"end":{"line":12,"column":14}},"12":{"start":{"line":13,"column":2},"end":{"line":17,"column":3}},"13":{"start":{"line":14,"column":19},"end":{"line":14,"column":50}},"14":{"start":{"line":15,"column":4},"end":{"line":15,"column":48}},"15":{"start":{"line":15,"column":31},"end":{"line":15,"column":48}},"16":{"start":{"line":16,"column":4},"end":{"line":16,"column":44}},"17":{"start":{"line":16,"column":29},"end":{"line":16,"column":44}},"18":{"start":{"line":18,"column":2},"end":{"line":18,"column":26}}},"fnMap":{"0":{"name":"chooseTarget","decl":{"start":{"line":1,"column":16},"end":{"line":1,"column":28}},"loc":{"start":{"line":1,"column":36},"end":{"line":5,"column":1}},"line":1},"1":{"name":"(anonymous_1)","decl":{"start":{"line":2,"column":29},"end":{"line":2,"column":30}},"loc":{"start":{"line":2,"column":34},"end":{"line":2,"column":49}},"line":2},"2":{"name":"applyCardEffects","decl":{"start":{"line":7,"column":16},"end":{"line":7,"column":32}},"loc":{"start":{"line":7,"column":59},"end":{"line":19,"column":1}},"line":7}},"branchMap":{"0":{"loc":{"start":{"line":3,"column":2},"end":{"line":3,"column":38}},"type":"if","locations":[{"start":{"line":3,"column":2},"end":{"line":3,"column":38}},{"start":{},"end":{}}],"line":3},"1":{"loc":{"start":{"line":9,"column":2},"end":{"line":9,"column":45}},"type":"if","locations":[{"start":{"line":9,"column":2},"end":{"line":9,"column":45}},{"start":{},"end":{}}],"line":9},"2":{"loc":{"start":{"line":10,"column":2},"end":{"line":10,"column":65}},"type":"if","locations":[{"start":{"line":10,"column":2},"end":{"line":10,"column":65}},{"start":{},"end":{}}],"line":10},"3":{"loc":{"start":{"line":14,"column":19},"end":{"line":14,"column":50}},"type":"binary-expr","locations":[{"start":{"line":14,"column":19},"end":{"line":14,"column":32}},{"start":{"line":14,"column":36},"end":{"line":14,"column":45}},{"start":{"line":14,"column":49},"end":{"line":14,"column":50}}],"line":14},"4":{"loc":{"start":{"line":15,"column":4},"end":{"line":15,"column":48}},"type":"if","locations":[{"start":{"line":15,"column":4},"end":{"line":15,"column":48}},{"start":{},"end":{}}],"line":15},"5":{"loc":{"start":{"line":16,"column":4},"end":{"line":16,"column":44}},"type":"if","locations":[{"start":{"line":16,"column":4},"end":{"line":16,"column":44}},{"start":{},"end":{}}],"line":16}},"s":{"0":6,"1":12,"2":6,"3":0,"4":6,"5":6,"6":6,"7":6,"8":6,"9":0,"10":6,"11":6,"12":6,"13":6,"14":6,"15":6,"16":6,"17":0,"18":6},"f":{"0":6,"1":12,"2":6},"b":{"0":[0,6],"1":[6,0],"2":[0,6],"3":[6,0,0],"4":[6,0],"5":[0,6]},"_coverageSchema":"1a1c01bbd47fc00a2c39e90264f33305004495a9","hash":"d25729929b7a6792d724b8052078cb23b20c4691"}
,"/app/game/src/logic/sampleBattleData.js": {"path":"/app/game/src/logic/sampleBattleData.js","statementMap":{"0":{"start":{"line":1,"column":27},"end":{"line":16,"column":1}},"1":{"start":{"line":18,"column":26},"end":{"line":33,"column":1}}},"fnMap":{},"branchMap":{},"s":{"0":1,"1":1},"f":{},"b":{},"_coverageSchema":"1a1c01bbd47fc00a2c39e90264f33305004495a9","hash":"0fac0f84434a84baa848efd774f45c29f98b7d0a"}
,"/app/game/src/utils/shuffleArray.js": {"path":"/app/game/src/utils/shuffleArray.js","statementMap":{"0":{"start":{"line":2,"column":17},"end":{"line":2,"column":30}},"1":{"start":{"line":3,"column":2},"end":{"line":6,"column":3}},"2":{"start":{"line":3,"column":15},"end":{"line":3,"column":32}},"3":{"start":{"line":4,"column":14},"end":{"line":4,"column":49}},"4":{"start":{"line":5,"column":4},"end":{"line":5,"column":52}},"5":{"start":{"line":7,"column":2},"end":{"line":9,"column":3}},"6":{"start":{"line":7,"column":31},"end":{"line":7,"column":47}},"7":{"start":{"line":8,"column":4},"end":{"line":8,"column":52}},"8":{"start":{"line":10,"column":2},"end":{"line":10,"column":16}}},"fnMap":{"0":{"name":"shuffleArray","decl":{"start":{"line":1,"column":16},"end":{"line":1,"column":28}},"loc":{"start":{"line":1,"column":36},"end":{"line":11,"column":1}},"line":1},"1":{"name":"(anonymous_1)","decl":{"start":{"line":7,"column":19},"end":{"line":7,"column":20}},"loc":{"start":{"line":7,"column":31},"end":{"line":7,"column":47}},"line":7}},"branchMap":{"0":{"loc":{"start":{"line":7,"column":2},"end":{"line":9,"column":3}},"type":"if","locations":[{"start":{"line":7,"column":2},"end":{"line":9,"column":3}},{"start":{},"end":{}}],"line":7},"1":{"loc":{"start":{"line":7,"column":6},"end":{"line":7,"column":69}},"type":"binary-expr","locations":[{"start":{"line":7,"column":6},"end":{"line":7,"column":48}},{"start":{"line":7,"column":52},"end":{"line":7,"column":69}}],"line":7}},"s":{"0":794,"1":794,"2":794,"3":0,"4":0,"5":794,"6":0,"7":0,"8":794},"f":{"0":794,"1":0},"b":{"0":[0,794],"1":[794,794]},"_coverageSchema":"1a1c01bbd47fc00a2c39e90264f33305004495a9","hash":"65d96ad5ba3a9a40479efd937541e555ab53fe27"}
}
