TN:
SF:game/src/logic/battleSimulator.js
FN:17,(anonymous_0)
FN:24,(anonymous_1)
FN:25,(anonymous_2)
FN:41,simulateBattle
FN:42,(anonymous_4)
FN:43,(anonymous_5)
FN:49,(anonymous_6)
FN:61,(anonymous_7)
FN:66,(anonymous_8)
FN:98,(anonymous_9)
FN:159,(anonymous_10)
FN:160,(anonymous_11)
FNF:12
FNH:12
FNDA:2,(anonymous_0)
FNDA:1620,(anonymous_1)
FNDA:6480,(anonymous_2)
FNDA:1,simulateBattle
FNDA:2,(anonymous_4)
FNDA:2,(anonymous_5)
FNDA:813,(anonymous_6)
FNDA:800,(anonymous_7)
FNDA:800,(anonymous_8)
FNDA:6,(anonymous_9)
FNDA:6,(anonymous_10)
FNDA:6,(anonymous_11)
DA:4,1
DA:17,1
DA:18,2
DA:19,0
DA:21,2
DA:24,1
DA:25,6480
DA:42,2
DA:43,2
DA:45,1
DA:48,1
DA:49,1
DA:50,813
DA:61,1
DA:62,800
DA:63,800
DA:66,1
DA:67,800
DA:68,794
DA:70,800
DA:71,6
DA:72,6
DA:76,1
DA:77,1
DA:78,1
DA:79,1
DA:81,1
DA:82,201
DA:83,201
DA:84,1
DA:85,1
DA:86,1
DA:89,200
DA:90,800
DA:92,800
DA:93,800
DA:94,800
DA:95,800
DA:98,800
DA:99,6
DA:100,6
DA:103,800
DA:104,794
DA:107,6
DA:108,6
DA:110,6
DA:111,0
DA:112,0
DA:115,6
DA:116,6
DA:117,6
DA:120,6
DA:121,6
DA:122,6
DA:125,6
DA:126,6
DA:127,6
DA:130,6
DA:131,6
DA:132,0
DA:134,6
DA:135,6
DA:137,6
DA:138,6
DA:148,6
DA:149,6
DA:150,6
DA:151,6
DA:152,6
DA:153,0
DA:154,0
DA:155,0
DA:159,6
DA:160,6
DA:161,6
DA:162,0
DA:163,0
DA:165,6
DA:166,0
DA:167,0
DA:169,6
DA:170,0
DA:171,0
DA:175,1
LF:84
LH:71
BRDA:18,0,0,0
BRDA:18,0,1,2
BRDA:30,1,0,6480
BRDA:30,1,1,6480
BRDA:31,2,0,3240
BRDA:31,2,1,3240
BRDA:42,3,0,2
BRDA:42,3,1,0
BRDA:42,3,2,0
BRDA:43,4,0,2
BRDA:43,4,1,2
BRDA:43,4,2,0
BRDA:53,5,0,813
BRDA:53,5,1,0
BRDA:54,6,0,813
BRDA:54,6,1,0
BRDA:57,7,0,813
BRDA:57,7,1,0
BRDA:62,8,0,800
BRDA:62,8,1,0
BRDA:63,9,0,800
BRDA:63,9,1,10
BRDA:67,10,0,794
BRDA:67,10,1,6
BRDA:70,11,0,6
BRDA:70,11,1,794
BRDA:81,12,0,201
BRDA:81,12,1,201
BRDA:83,13,0,1
BRDA:83,13,1,200
BRDA:90,14,0,0
BRDA:90,14,1,800
BRDA:100,15,0,6
BRDA:100,15,1,6
BRDA:100,16,0,6
BRDA:100,16,1,6
BRDA:100,16,2,0
BRDA:103,17,0,794
BRDA:103,17,1,6
BRDA:110,18,0,0
BRDA:110,18,1,6
BRDA:115,19,0,6
BRDA:115,19,1,6
BRDA:115,19,2,0
BRDA:121,20,0,6
BRDA:121,20,1,0
BRDA:125,21,0,4
BRDA:125,21,1,2
BRDA:127,22,0,0
BRDA:127,22,1,6
BRDA:131,23,0,0
BRDA:131,23,1,6
BRDA:134,24,0,6
BRDA:134,24,1,0
BRDA:148,25,0,6
BRDA:148,25,1,0
BRDA:152,26,0,0
BRDA:152,26,1,6
BRDA:161,27,0,0
BRDA:161,27,1,6
BRDA:161,28,0,6
BRDA:161,28,1,0
BRDA:165,29,0,0
BRDA:165,29,1,6
BRDA:169,30,0,0
BRDA:169,30,1,6
BRF:66
BRH:44
end_of_record
TN:
SF:game/src/logic/battleUtils.js
FN:1,chooseTarget
FN:2,(anonymous_1)
FN:7,applyCardEffects
FNF:3
FNH:3
FNDA:6,chooseTarget
FNDA:12,(anonymous_1)
FNDA:6,applyCardEffects
DA:2,12
DA:3,6
DA:4,6
DA:8,6
DA:9,6
DA:10,6
DA:11,6
DA:12,6
DA:13,6
DA:14,6
DA:15,6
DA:16,6
DA:18,6
LF:13
LH:13
BRDA:3,0,0,0
BRDA:3,0,1,6
BRDA:9,1,0,6
BRDA:9,1,1,0
BRDA:10,2,0,0
BRDA:10,2,1,6
BRDA:14,3,0,6
BRDA:14,3,1,0
BRDA:14,3,2,0
BRDA:15,4,0,6
BRDA:15,4,1,0
BRDA:16,5,0,0
BRDA:16,5,1,6
BRF:13
BRH:6
end_of_record
TN:
SF:game/src/logic/sampleBattleData.js
FNF:0
FNH:0
DA:1,1
DA:18,1
LF:2
LH:2
BRF:0
BRH:0
end_of_record
TN:
SF:game/src/utils/shuffleArray.js
FN:1,shuffleArray
FN:7,(anonymous_1)
FNF:2
FNH:1
FNDA:794,shuffleArray
FNDA:0,(anonymous_1)
DA:2,794
DA:3,794
DA:4,0
DA:5,0
DA:7,794
DA:8,0
DA:10,794
LF:7
LH:4
BRDA:7,0,0,0
BRDA:7,0,1,794
BRDA:7,1,0,794
BRDA:7,1,1,794
BRF:4
BRH:3
end_of_record
