TN:
SF:game/src/actors/Combatant.js
FN:2,(anonymous_0)
FN:11,(anonymous_1)
FN:16,(anonymous_2)
FNF:3
FNH:3
FNDA:4,(anonymous_0)
FNDA:2,(anonymous_1)
FNDA:1,(anonymous_2)
DA:3,4
DA:4,4
DA:5,4
DA:6,4
DA:7,4
DA:8,4
DA:12,2
DA:13,2
DA:17,1
DA:18,1
DA:19,1
DA:20,1
LF:12
LH:12
BRDA:2,0,0,0
BRDA:2,1,0,2
BRDA:8,2,0,4
BRDA:8,2,1,2
BRDA:8,2,2,2
BRDA:11,3,0,2
BRDA:12,4,0,2
BRDA:12,4,1,0
BRDA:12,4,2,0
BRDA:12,4,3,0
BRDA:17,5,0,0
BRDA:17,5,1,1
BRF:12
BRH:7
end_of_record
TN:
SF:game/src/logic/BattleManager.js
FN:1,checkVictory
FN:2,(anonymous_1)
FN:3,(anonymous_2)
FNF:3
FNH:3
FNDA:1,checkVictory
FNDA:1,(anonymous_1)
FNDA:1,(anonymous_2)
DA:2,1
DA:3,1
DA:4,1
LF:3
LH:3
BRDA:2,0,0,1
BRDA:2,0,1,1
BRDA:3,1,0,1
BRDA:3,1,1,1
BRDA:4,2,0,1
BRDA:4,2,1,0
BRF:6
BRH:5
end_of_record
TN:
SF:game/src/logic/battleSimulator.js
FN:17,(anonymous_0)
FN:24,(anonymous_1)
FN:25,(anonymous_2)
FN:41,simulateBattle
FN:42,(anonymous_4)
FN:45,(anonymous_5)
FN:61,(anonymous_6)
FN:73,(anonymous_7)
FN:78,(anonymous_8)
FN:109,(anonymous_9)
FN:162,(anonymous_10)
FN:163,(anonymous_11)
FNF:12
FNH:12
FNDA:4,(anonymous_0)
FNDA:1628,(anonymous_1)
FNDA:6496,(anonymous_2)
FNDA:2,simulateBattle
FNDA:6,(anonymous_4)
FNDA:8,(anonymous_5)
FNDA:818,(anonymous_6)
FNDA:801,(anonymous_7)
FNDA:801,(anonymous_8)
FNDA:7,(anonymous_9)
FNDA:7,(anonymous_10)
FNDA:7,(anonymous_11)
DA:4,2
DA:17,2
DA:18,4
DA:19,0
DA:21,4
DA:24,2
DA:25,6496
DA:42,2
DA:43,6
DA:44,6
DA:45,6
DA:46,8
DA:47,6
DA:49,2
DA:51,6
DA:54,2
DA:55,2
DA:57,2
DA:60,2
DA:61,2
DA:62,818
DA:73,2
DA:74,801
DA:75,801
DA:78,2
DA:79,801
DA:80,794
DA:82,801
DA:83,7
DA:84,7
DA:88,2
DA:89,2
DA:90,2
DA:91,2
DA:93,2
DA:94,202
DA:95,202
DA:96,1
DA:97,1
DA:98,1
DA:101,201
DA:102,801
DA:104,801
DA:105,801
DA:106,801
DA:107,801
DA:109,801
DA:110,7
DA:111,7
DA:112,7
DA:115,801
DA:116,794
DA:119,7
DA:120,7
DA:121,7
DA:122,7
DA:124,7
DA:125,7
DA:126,7
DA:129,7
DA:130,7
DA:131,7
DA:133,7
DA:134,7
DA:135,0
DA:137,7
DA:138,7
DA:140,7
DA:141,7
DA:151,7
DA:152,7
DA:153,7
DA:154,7
DA:155,7
DA:156,1
DA:157,1
DA:158,1
DA:162,7
DA:163,7
DA:164,7
DA:165,0
DA:166,0
DA:168,7
DA:169,1
DA:170,1
DA:172,6
DA:173,0
DA:174,0
DA:178,1
LF:89
LH:83
BRDA:18,0,0,0
BRDA:18,0,1,4
BRDA:30,1,0,6496
BRDA:30,1,1,6496
BRDA:31,2,0,3248
BRDA:31,2,1,3248
BRDA:43,3,0,6
BRDA:43,3,1,2
BRDA:43,3,2,0
BRDA:44,4,0,6
BRDA:44,4,1,2
BRDA:44,4,2,0
BRDA:44,4,3,0
BRDA:45,5,0,6
BRDA:45,5,1,4
BRDA:45,5,2,2
BRDA:45,5,3,0
BRDA:46,6,0,6
BRDA:46,6,1,2
BRDA:47,7,0,6
BRDA:47,7,1,0
BRDA:65,8,0,818
BRDA:65,8,1,0
BRDA:66,9,0,818
BRDA:66,9,1,0
BRDA:69,10,0,818
BRDA:69,10,1,0
BRDA:74,11,0,801
BRDA:74,11,1,0
BRDA:75,12,0,801
BRDA:75,12,1,11
BRDA:79,13,0,794
BRDA:79,13,1,7
BRDA:82,14,0,7
BRDA:82,14,1,794
BRDA:93,15,0,202
BRDA:93,15,1,202
BRDA:95,16,0,1
BRDA:95,16,1,201
BRDA:102,17,0,0
BRDA:102,17,1,801
BRDA:111,18,0,7
BRDA:111,18,1,7
BRDA:111,18,2,0
BRDA:115,19,0,794
BRDA:115,19,1,7
BRDA:120,20,0,7
BRDA:120,20,1,7
BRDA:120,20,2,0
BRDA:125,21,0,7
BRDA:125,21,1,0
BRDA:129,22,0,5
BRDA:129,22,1,2
BRDA:131,23,0,0
BRDA:131,23,1,7
BRDA:134,24,0,0
BRDA:134,24,1,7
BRDA:137,25,0,7
BRDA:137,25,1,0
BRDA:151,26,0,7
BRDA:151,26,1,0
BRDA:155,27,0,1
BRDA:155,27,1,6
BRDA:164,28,0,0
BRDA:164,28,1,7
BRDA:164,29,0,7
BRDA:164,29,1,0
BRDA:168,30,0,1
BRDA:168,30,1,6
BRDA:172,31,0,0
BRDA:172,31,1,6
BRF:71
BRH:50
end_of_record
TN:
SF:game/src/logic/battleUtils.js
FN:1,chooseTarget
FN:2,(anonymous_1)
FN:7,applyCardEffects
FNF:3
FNH:3
FNDA:7,chooseTarget
FNDA:13,(anonymous_1)
FNDA:7,applyCardEffects
DA:2,13
DA:3,7
DA:4,7
DA:8,7
DA:9,7
DA:10,7
DA:11,7
DA:12,7
DA:13,7
DA:14,7
DA:15,7
DA:16,7
DA:18,7
LF:13
LH:13
BRDA:3,0,0,0
BRDA:3,0,1,7
BRDA:9,1,0,7
BRDA:9,1,1,0
BRDA:10,2,0,0
BRDA:10,2,1,7
BRDA:14,3,0,7
BRDA:14,3,1,0
BRDA:14,3,2,0
BRDA:15,4,0,7
BRDA:15,4,1,0
BRDA:16,5,0,0
BRDA:16,5,1,7
BRF:13
BRH:6
end_of_record
TN:
SF:game/src/logic/sampleBattleData.js
FNF:0
FNH:0
DA:1,1
DA:18,1
LF:2
LH:2
BRF:0
BRH:0
end_of_record
TN:
SF:game/src/utils/shuffleArray.js
FN:1,shuffleArray
FN:7,(anonymous_1)
FNF:2
FNH:2
FNDA:796,shuffleArray
FNDA:3,(anonymous_1)
DA:2,796
DA:3,796
DA:4,8
DA:5,8
DA:7,796
DA:8,0
DA:10,796
LF:7
LH:6
BRDA:7,0,0,0
BRDA:7,0,1,796
BRDA:7,1,0,796
BRDA:7,1,1,794
BRF:4
BRH:3
end_of_record
